2025-05-29 10:46:20,011  INFO      ====== WebDriver manager ======
2025-05-29 10:46:21,806  INFO      Get LATEST chromedriver version for google-chrome
2025-05-29 10:46:22,186  INFO      Get LATEST chromedriver version for google-chrome
2025-05-29 10:46:22,567  INFO      Driver [C:\Users\hp\.wdm\drivers\chromedriver\win64\136.0.7103.113\chromedriver-win32/chromedriver.exe] found in cache
2025-05-29 10:46:23,813  INFO      Chrome driver launched
2025-05-29 10:46:23,816  INFO      === Lomé (LFW) | travellers: 1 ===
2025-05-29 10:46:23,817  INFO      Loading https://www.skyscanner.com/transport/flights/lfw/acc/20250706/20250709/?adults=1&currency=USD&preferdirects=false
2025-05-29 10:46:50,233  ERROR     No price for Lomé (LFW) on 2025-07-06  (Message: 
Stacktrace:
	GetHandleVerifier [0x0043FC03+61635]
	GetHandleVerifier [0x0043FC44+61700]
	(No symbol) [0x002605D3]
	(No symbol) [0x002A899E]
	(No symbol) [0x002A8D3B]
	(No symbol) [0x002F0E12]
	(No symbol) [0x002CD2E4]
	(No symbol) [0x002EE61B]
	(No symbol) [0x002CD096]
	(No symbol) [0x0029C840]
	(No symbol) [0x0029D6A4]
	GetHandleVerifier [0x006C4523+2701795]
	GetHandleVerifier [0x006BFCA6+2683238]
	GetHandleVerifier [0x006DA9EE+2793134]
	GetHandleVerifier [0x004568C5+155013]
	GetHandleVerifier [0x0045CFAD+181357]
	GetHandleVerifier [0x00447458+92440]
	GetHandleVerifier [0x00447600+92864]
	GetHandleVerifier [0x00431FF0+5296]
	BaseThreadInitThunk [0x765A5D49+25]
	RtlInitializeExceptionChain [0x77EAD03B+107]
	RtlGetAppContainerNamedObjectPath [0x77EACFC1+561]
)
2025-05-29 10:46:50,233  INFO      Loading https://www.skyscanner.com/transport/flights/lfw/acc/20250707/20250709/?adults=1&currency=USD&preferdirects=false
2025-05-29 10:47:21,041  ERROR     No price for Lomé (LFW) on 2025-07-07  (Message: 
Stacktrace:
	GetHandleVerifier [0x0043FC03+61635]
	GetHandleVerifier [0x0043FC44+61700]
	(No symbol) [0x002605D3]
	(No symbol) [0x002A899E]
	(No symbol) [0x002A8D3B]
	(No symbol) [0x002F0E12]
	(No symbol) [0x002CD2E4]
	(No symbol) [0x002EE61B]
	(No symbol) [0x002CD096]
	(No symbol) [0x0029C840]
	(No symbol) [0x0029D6A4]
	GetHandleVerifier [0x006C4523+2701795]
	GetHandleVerifier [0x006BFCA6+2683238]
	GetHandleVerifier [0x006DA9EE+2793134]
	GetHandleVerifier [0x004568C5+155013]
	GetHandleVerifier [0x0045CFAD+181357]
	GetHandleVerifier [0x00447458+92440]
	GetHandleVerifier [0x00447600+92864]
	GetHandleVerifier [0x00431FF0+5296]
	BaseThreadInitThunk [0x765A5D49+25]
	RtlInitializeExceptionChain [0x77EAD03B+107]
	RtlGetAppContainerNamedObjectPath [0x77EACFC1+561]
)
2025-05-29 10:47:21,043  INFO      === Johannesburg (JNB) | travellers: 8 ===
2025-05-29 10:47:21,043  INFO      Loading https://www.skyscanner.com/transport/flights/jnb/acc/20250706/20250709/?adults=8&currency=USD&preferdirects=false
2025-05-29 10:47:46,833  ERROR     No price for Johannesburg (JNB) on 2025-07-06  (Message: 
Stacktrace:
	GetHandleVerifier [0x0043FC03+61635]
	GetHandleVerifier [0x0043FC44+61700]
	(No symbol) [0x002605D3]
	(No symbol) [0x002A899E]
	(No symbol) [0x002A8D3B]
	(No symbol) [0x002F0E12]
	(No symbol) [0x002CD2E4]
	(No symbol) [0x002EE61B]
	(No symbol) [0x002CD096]
	(No symbol) [0x0029C840]
	(No symbol) [0x0029D6A4]
	GetHandleVerifier [0x006C4523+2701795]
	GetHandleVerifier [0x006BFCA6+2683238]
	GetHandleVerifier [0x006DA9EE+2793134]
	GetHandleVerifier [0x004568C5+155013]
	GetHandleVerifier [0x0045CFAD+181357]
	GetHandleVerifier [0x00447458+92440]
	GetHandleVerifier [0x00447600+92864]
	GetHandleVerifier [0x00431FF0+5296]
	BaseThreadInitThunk [0x765A5D49+25]
	RtlInitializeExceptionChain [0x77EAD03B+107]
	RtlGetAppContainerNamedObjectPath [0x77EACFC1+561]
)
2025-05-29 10:47:46,834  INFO      Loading https://www.skyscanner.com/transport/flights/jnb/acc/20250707/20250709/?adults=8&currency=USD&preferdirects=false
2025-05-29 10:48:12,304  ERROR     No price for Johannesburg (JNB) on 2025-07-07  (Message: 
Stacktrace:
	GetHandleVerifier [0x0043FC03+61635]
	GetHandleVerifier [0x0043FC44+61700]
	(No symbol) [0x002605D3]
	(No symbol) [0x002A899E]
	(No symbol) [0x002A8D3B]
	(No symbol) [0x002F0E12]
	(No symbol) [0x002CD2E4]
	(No symbol) [0x002EE61B]
	(No symbol) [0x002CD096]
	(No symbol) [0x0029C840]
	(No symbol) [0x0029D6A4]
	GetHandleVerifier [0x006C4523+2701795]
	GetHandleVerifier [0x006BFCA6+2683238]
	GetHandleVerifier [0x006DA9EE+2793134]
	GetHandleVerifier [0x004568C5+155013]
	GetHandleVerifier [0x0045CFAD+181357]
	GetHandleVerifier [0x00447458+92440]
	GetHandleVerifier [0x00447600+92864]
	GetHandleVerifier [0x00431FF0+5296]
	BaseThreadInitThunk [0x765A5D49+25]
	RtlInitializeExceptionChain [0x77EAD03B+107]
	RtlGetAppContainerNamedObjectPath [0x77EACFC1+561]
)
2025-05-29 10:48:12,306  INFO      === Cairo (CAI) | travellers: 1 ===
2025-05-29 10:48:12,307  INFO      Loading https://www.skyscanner.com/transport/flights/cai/acc/20250706/20250709/?adults=1&currency=USD&preferdirects=false
2025-05-29 10:48:15,797  ERROR     No price for Cairo (CAI) on 2025-07-06  (Message: invalid session id: session deleted as the browser has closed the connection
from disconnected: not connected to DevTools
  (Session info: chrome=136.0.7103.114)
Stacktrace:
	GetHandleVerifier [0x0043FC03+61635]
	GetHandleVerifier [0x0043FC44+61700]
	(No symbol) [0x002605D3]
	(No symbol) [0x0024FE20]
	(No symbol) [0x0026DD1F]
	(No symbol) [0x002D3E8C]
	(No symbol) [0x002EDF19]
	(No symbol) [0x002CD096]
	(No symbol) [0x0029C840]
	(No symbol) [0x0029D6A4]
	GetHandleVerifier [0x006C4523+2701795]
	GetHandleVerifier [0x006BFCA6+2683238]
	GetHandleVerifier [0x006DA9EE+2793134]
	GetHandleVerifier [0x004568C5+155013]
	GetHandleVerifier [0x0045CFAD+181357]
	GetHandleVerifier [0x00447458+92440]
	GetHandleVerifier [0x00447600+92864]
	GetHandleVerifier [0x00431FF0+5296]
	BaseThreadInitThunk [0x765A5D49+25]
	RtlInitializeExceptionChain [0x77EAD03B+107]
	RtlGetAppContainerNamedObjectPath [0x77EACFC1+561]
)
2025-05-29 10:48:15,801  INFO      Loading https://www.skyscanner.com/transport/flights/cai/acc/20250707/20250709/?adults=1&currency=USD&preferdirects=false
2025-05-29 10:48:16,039  ERROR     No price for Cairo (CAI) on 2025-07-07  (Message: invalid session id
Stacktrace:
	GetHandleVerifier [0x0043FC03+61635]
	GetHandleVerifier [0x0043FC44+61700]
	(No symbol) [0x0026044E]
	(No symbol) [0x0029BB08]
	(No symbol) [0x002CD156]
	(No symbol) [0x002C8C22]
	(No symbol) [0x002C81B6]
	(No symbol) [0x002336C5]
	(No symbol) [0x00233C1E]
	(No symbol) [0x002340AD]
	GetHandleVerifier [0x006C4523+2701795]
	GetHandleVerifier [0x006BFCA6+2683238]
	GetHandleVerifier [0x006DA9EE+2793134]
	GetHandleVerifier [0x004568C5+155013]
	GetHandleVerifier [0x0045CFAD+181357]
	(No symbol) [0x00233390]
	(No symbol) [0x00232B9D]
	GetHandleVerifier [0x007B877C+3701820]
	BaseThreadInitThunk [0x765A5D49+25]
	RtlInitializeExceptionChain [0x77EAD03B+107]
	RtlGetAppContainerNamedObjectPath [0x77EACFC1+561]
)
2025-05-29 10:48:16,041  INFO      === Kathmandu (KTM) | travellers: 1 ===
2025-05-29 10:48:16,041  INFO      Loading https://www.skyscanner.com/transport/flights/ktm/acc/20250706/20250709/?adults=1&currency=USD&preferdirects=false
2025-05-29 10:48:16,043  ERROR     No price for Kathmandu (KTM) on 2025-07-06  (Message: invalid session id
Stacktrace:
	GetHandleVerifier [0x0043FC03+61635]
	GetHandleVerifier [0x0043FC44+61700]
	(No symbol) [0x0026044E]
	(No symbol) [0x0029BB08]
	(No symbol) [0x002CD156]
	(No symbol) [0x002C8C22]
	(No symbol) [0x002C81B6]
	(No symbol) [0x002336C5]
	(No symbol) [0x00233C1E]
	(No symbol) [0x002340AD]
	GetHandleVerifier [0x006C4523+2701795]
	GetHandleVerifier [0x006BFCA6+2683238]
	GetHandleVerifier [0x006DA9EE+2793134]
	GetHandleVerifier [0x004568C5+155013]
	GetHandleVerifier [0x0045CFAD+181357]
	(No symbol) [0x00233390]
	(No symbol) [0x00232B9D]
	GetHandleVerifier [0x007B877C+3701820]
	BaseThreadInitThunk [0x765A5D49+25]
	RtlInitializeExceptionChain [0x77EAD03B+107]
	RtlGetAppContainerNamedObjectPath [0x77EACFC1+561]
)
2025-05-29 10:48:16,044  INFO      Loading https://www.skyscanner.com/transport/flights/ktm/acc/20250707/20250709/?adults=1&currency=USD&preferdirects=false
2025-05-29 10:48:16,049  ERROR     No price for Kathmandu (KTM) on 2025-07-07  (Message: invalid session id
Stacktrace:
	GetHandleVerifier [0x0043FC03+61635]
	GetHandleVerifier [0x0043FC44+61700]
	(No symbol) [0x0026044E]
	(No symbol) [0x0029BB08]
	(No symbol) [0x002CD156]
	(No symbol) [0x002C8C22]
	(No symbol) [0x002C81B6]
	(No symbol) [0x002336C5]
	(No symbol) [0x00233C1E]
	(No symbol) [0x002340AD]
	GetHandleVerifier [0x006C4523+2701795]
	GetHandleVerifier [0x006BFCA6+2683238]
	GetHandleVerifier [0x006DA9EE+2793134]
	GetHandleVerifier [0x004568C5+155013]
	GetHandleVerifier [0x0045CFAD+181357]
	(No symbol) [0x00233390]
	(No symbol) [0x00232B9D]
	GetHandleVerifier [0x007B877C+3701820]
	BaseThreadInitThunk [0x765A5D49+25]
	RtlInitializeExceptionChain [0x77EAD03B+107]
	RtlGetAppContainerNamedObjectPath [0x77EACFC1+561]
)
2025-05-29 10:48:16,052  INFO      === Delhi (DEL) | travellers: 1 ===
2025-05-29 10:48:16,052  INFO      Loading https://www.skyscanner.com/transport/flights/del/acc/20250706/20250709/?adults=1&currency=USD&preferdirects=false
2025-05-29 10:48:16,056  ERROR     No price for Delhi (DEL) on 2025-07-06  (Message: invalid session id
Stacktrace:
	GetHandleVerifier [0x0043FC03+61635]
	GetHandleVerifier [0x0043FC44+61700]
	(No symbol) [0x0026044E]
	(No symbol) [0x0029BB08]
	(No symbol) [0x002CD156]
	(No symbol) [0x002C8C22]
	(No symbol) [0x002C81B6]
	(No symbol) [0x002336C5]
	(No symbol) [0x00233C1E]
	(No symbol) [0x002340AD]
	GetHandleVerifier [0x006C4523+2701795]
	GetHandleVerifier [0x006BFCA6+2683238]
	GetHandleVerifier [0x006DA9EE+2793134]
	GetHandleVerifier [0x004568C5+155013]
	GetHandleVerifier [0x0045CFAD+181357]
	(No symbol) [0x00233390]
	(No symbol) [0x00232B9D]
	GetHandleVerifier [0x007B877C+3701820]
	BaseThreadInitThunk [0x765A5D49+25]
	RtlInitializeExceptionChain [0x77EAD03B+107]
	RtlGetAppContainerNamedObjectPath [0x77EACFC1+561]
)
2025-05-29 10:48:16,057  INFO      Loading https://www.skyscanner.com/transport/flights/del/acc/20250707/20250709/?adults=1&currency=USD&preferdirects=false
2025-05-29 10:48:16,059  ERROR     No price for Delhi (DEL) on 2025-07-07  (Message: invalid session id
Stacktrace:
	GetHandleVerifier [0x0043FC03+61635]
	GetHandleVerifier [0x0043FC44+61700]
	(No symbol) [0x0026044E]
	(No symbol) [0x0029BB08]
	(No symbol) [0x002CD156]
	(No symbol) [0x002C8C22]
	(No symbol) [0x002C81B6]
	(No symbol) [0x002336C5]
	(No symbol) [0x00233C1E]
	(No symbol) [0x002340AD]
	GetHandleVerifier [0x006C4523+2701795]
	GetHandleVerifier [0x006BFCA6+2683238]
	GetHandleVerifier [0x006DA9EE+2793134]
	GetHandleVerifier [0x004568C5+155013]
	GetHandleVerifier [0x0045CFAD+181357]
	(No symbol) [0x00233390]
	(No symbol) [0x00232B9D]
	GetHandleVerifier [0x007B877C+3701820]
	BaseThreadInitThunk [0x765A5D49+25]
	RtlInitializeExceptionChain [0x77EAD03B+107]
	RtlGetAppContainerNamedObjectPath [0x77EACFC1+561]
)
2025-05-29 10:48:16,064  INFO      === Algiers (ALG) | travellers: 3 ===
2025-05-29 10:48:16,066  INFO      Loading https://www.skyscanner.com/transport/flights/alg/acc/20250706/20250709/?adults=3&currency=USD&preferdirects=false
2025-05-29 10:48:16,070  ERROR     No price for Algiers (ALG) on 2025-07-06  (Message: invalid session id
Stacktrace:
	GetHandleVerifier [0x0043FC03+61635]
	GetHandleVerifier [0x0043FC44+61700]
	(No symbol) [0x0026044E]
	(No symbol) [0x0029BB08]
	(No symbol) [0x002CD156]
	(No symbol) [0x002C8C22]
	(No symbol) [0x002C81B6]
	(No symbol) [0x002336C5]
	(No symbol) [0x00233C1E]
	(No symbol) [0x002340AD]
	GetHandleVerifier [0x006C4523+2701795]
	GetHandleVerifier [0x006BFCA6+2683238]
	GetHandleVerifier [0x006DA9EE+2793134]
	GetHandleVerifier [0x004568C5+155013]
	GetHandleVerifier [0x0045CFAD+181357]
	(No symbol) [0x00233390]
	(No symbol) [0x00232B9D]
	GetHandleVerifier [0x007B877C+3701820]
	BaseThreadInitThunk [0x765A5D49+25]
	RtlInitializeExceptionChain [0x77EAD03B+107]
	RtlGetAppContainerNamedObjectPath [0x77EACFC1+561]
)
2025-05-29 10:48:16,071  INFO      Loading https://www.skyscanner.com/transport/flights/alg/acc/20250707/20250709/?adults=3&currency=USD&preferdirects=false
2025-05-29 10:48:16,074  ERROR     No price for Algiers (ALG) on 2025-07-07  (Message: invalid session id
Stacktrace:
	GetHandleVerifier [0x0043FC03+61635]
	GetHandleVerifier [0x0043FC44+61700]
	(No symbol) [0x0026044E]
	(No symbol) [0x0029BB08]
	(No symbol) [0x002CD156]
	(No symbol) [0x002C8C22]
	(No symbol) [0x002C81B6]
	(No symbol) [0x002336C5]
	(No symbol) [0x00233C1E]
	(No symbol) [0x002340AD]
	GetHandleVerifier [0x006C4523+2701795]
	GetHandleVerifier [0x006BFCA6+2683238]
	GetHandleVerifier [0x006DA9EE+2793134]
	GetHandleVerifier [0x004568C5+155013]
	GetHandleVerifier [0x0045CFAD+181357]
	(No symbol) [0x00233390]
	(No symbol) [0x00232B9D]
	GetHandleVerifier [0x007B877C+3701820]
	BaseThreadInitThunk [0x765A5D49+25]
	RtlInitializeExceptionChain [0x77EAD03B+107]
	RtlGetAppContainerNamedObjectPath [0x77EACFC1+561]
)
2025-05-29 10:48:16,076  INFO      === Kigali (KGL) | travellers: 3 ===
2025-05-29 10:48:16,077  INFO      Loading https://www.skyscanner.com/transport/flights/kgl/acc/20250706/20250709/?adults=3&currency=USD&preferdirects=false
2025-05-29 10:48:16,081  ERROR     No price for Kigali (KGL) on 2025-07-06  (Message: invalid session id
Stacktrace:
	GetHandleVerifier [0x0043FC03+61635]
	GetHandleVerifier [0x0043FC44+61700]
	(No symbol) [0x0026044E]
	(No symbol) [0x0029BB08]
	(No symbol) [0x002CD156]
	(No symbol) [0x002C8C22]
	(No symbol) [0x002C81B6]
	(No symbol) [0x002336C5]
	(No symbol) [0x00233C1E]
	(No symbol) [0x002340AD]
	GetHandleVerifier [0x006C4523+2701795]
	GetHandleVerifier [0x006BFCA6+2683238]
	GetHandleVerifier [0x006DA9EE+2793134]
	GetHandleVerifier [0x004568C5+155013]
	GetHandleVerifier [0x0045CFAD+181357]
	(No symbol) [0x00233390]
	(No symbol) [0x00232B9D]
	GetHandleVerifier [0x007B877C+3701820]
	BaseThreadInitThunk [0x765A5D49+25]
	RtlInitializeExceptionChain [0x77EAD03B+107]
	RtlGetAppContainerNamedObjectPath [0x77EACFC1+561]
)
2025-05-29 10:48:16,083  INFO      Loading https://www.skyscanner.com/transport/flights/kgl/acc/20250707/20250709/?adults=3&currency=USD&preferdirects=false
2025-05-29 10:48:16,085  ERROR     No price for Kigali (KGL) on 2025-07-07  (Message: invalid session id
Stacktrace:
	GetHandleVerifier [0x0043FC03+61635]
	GetHandleVerifier [0x0043FC44+61700]
	(No symbol) [0x0026044E]
	(No symbol) [0x0029BB08]
	(No symbol) [0x002CD156]
	(No symbol) [0x002C8C22]
	(No symbol) [0x002C81B6]
	(No symbol) [0x002336C5]
	(No symbol) [0x00233C1E]
	(No symbol) [0x002340AD]
	GetHandleVerifier [0x006C4523+2701795]
	GetHandleVerifier [0x006BFCA6+2683238]
	GetHandleVerifier [0x006DA9EE+2793134]
	GetHandleVerifier [0x004568C5+155013]
	GetHandleVerifier [0x0045CFAD+181357]
	(No symbol) [0x00233390]
	(No symbol) [0x00232B9D]
	GetHandleVerifier [0x007B877C+3701820]
	BaseThreadInitThunk [0x765A5D49+25]
	RtlInitializeExceptionChain [0x77EAD03B+107]
	RtlGetAppContainerNamedObjectPath [0x77EACFC1+561]
)
2025-05-29 10:48:16,087  INFO      === Douala (DLA) | travellers: 4 ===
2025-05-29 10:48:16,088  INFO      Loading https://www.skyscanner.com/transport/flights/dla/acc/20250706/20250709/?adults=4&currency=USD&preferdirects=false
2025-05-29 10:48:16,092  ERROR     No price for Douala (DLA) on 2025-07-06  (Message: invalid session id
Stacktrace:
	GetHandleVerifier [0x0043FC03+61635]
	GetHandleVerifier [0x0043FC44+61700]
	(No symbol) [0x0026044E]
	(No symbol) [0x0029BB08]
	(No symbol) [0x002CD156]
	(No symbol) [0x002C8C22]
	(No symbol) [0x002C81B6]
	(No symbol) [0x002336C5]
	(No symbol) [0x00233C1E]
	(No symbol) [0x002340AD]
	GetHandleVerifier [0x006C4523+2701795]
	GetHandleVerifier [0x006BFCA6+2683238]
	GetHandleVerifier [0x006DA9EE+2793134]
	GetHandleVerifier [0x004568C5+155013]
	GetHandleVerifier [0x0045CFAD+181357]
	(No symbol) [0x00233390]
	(No symbol) [0x00232B9D]
	GetHandleVerifier [0x007B877C+3701820]
	BaseThreadInitThunk [0x765A5D49+25]
	RtlInitializeExceptionChain [0x77EAD03B+107]
	RtlGetAppContainerNamedObjectPath [0x77EACFC1+561]
)
2025-05-29 10:48:16,093  INFO      Loading https://www.skyscanner.com/transport/flights/dla/acc/20250707/20250709/?adults=4&currency=USD&preferdirects=false
2025-05-29 10:48:16,097  ERROR     No price for Douala (DLA) on 2025-07-07  (Message: invalid session id
Stacktrace:
	GetHandleVerifier [0x0043FC03+61635]
	GetHandleVerifier [0x0043FC44+61700]
	(No symbol) [0x0026044E]
	(No symbol) [0x0029BB08]
	(No symbol) [0x002CD156]
	(No symbol) [0x002C8C22]
	(No symbol) [0x002C81B6]
	(No symbol) [0x002336C5]
	(No symbol) [0x00233C1E]
	(No symbol) [0x002340AD]
	GetHandleVerifier [0x006C4523+2701795]
	GetHandleVerifier [0x006BFCA6+2683238]
	GetHandleVerifier [0x006DA9EE+2793134]
	GetHandleVerifier [0x004568C5+155013]
	GetHandleVerifier [0x0045CFAD+181357]
	(No symbol) [0x00233390]
	(No symbol) [0x00232B9D]
	GetHandleVerifier [0x007B877C+3701820]
	BaseThreadInitThunk [0x765A5D49+25]
	RtlInitializeExceptionChain [0x77EAD03B+107]
	RtlGetAppContainerNamedObjectPath [0x77EACFC1+561]
)
2025-05-29 10:48:16,101  INFO      === Lagos (LOS) | travellers: 1 ===
2025-05-29 10:48:16,101  INFO      Loading https://www.skyscanner.com/transport/flights/los/acc/20250706/20250709/?adults=1&currency=USD&preferdirects=false
2025-05-29 10:48:16,104  ERROR     No price for Lagos (LOS) on 2025-07-06  (Message: invalid session id
Stacktrace:
	GetHandleVerifier [0x0043FC03+61635]
	GetHandleVerifier [0x0043FC44+61700]
	(No symbol) [0x0026044E]
	(No symbol) [0x0029BB08]
	(No symbol) [0x002CD156]
	(No symbol) [0x002C8C22]
	(No symbol) [0x002C81B6]
	(No symbol) [0x002336C5]
	(No symbol) [0x00233C1E]
	(No symbol) [0x002340AD]
	GetHandleVerifier [0x006C4523+2701795]
	GetHandleVerifier [0x006BFCA6+2683238]
	GetHandleVerifier [0x006DA9EE+2793134]
	GetHandleVerifier [0x004568C5+155013]
	GetHandleVerifier [0x0045CFAD+181357]
	(No symbol) [0x00233390]
	(No symbol) [0x00232B9D]
	GetHandleVerifier [0x007B877C+3701820]
	BaseThreadInitThunk [0x765A5D49+25]
	RtlInitializeExceptionChain [0x77EAD03B+107]
	RtlGetAppContainerNamedObjectPath [0x77EACFC1+561]
)
2025-05-29 10:48:16,105  INFO      Loading https://www.skyscanner.com/transport/flights/los/acc/20250707/20250709/?adults=1&currency=USD&preferdirects=false
2025-05-29 10:48:16,108  ERROR     No price for Lagos (LOS) on 2025-07-07  (Message: invalid session id
Stacktrace:
	GetHandleVerifier [0x0043FC03+61635]
	GetHandleVerifier [0x0043FC44+61700]
	(No symbol) [0x0026044E]
	(No symbol) [0x0029BB08]
	(No symbol) [0x002CD156]
	(No symbol) [0x002C8C22]
	(No symbol) [0x002C81B6]
	(No symbol) [0x002336C5]
	(No symbol) [0x00233C1E]
	(No symbol) [0x002340AD]
	GetHandleVerifier [0x006C4523+2701795]
	GetHandleVerifier [0x006BFCA6+2683238]
	GetHandleVerifier [0x006DA9EE+2793134]
	GetHandleVerifier [0x004568C5+155013]
	GetHandleVerifier [0x0045CFAD+181357]
	(No symbol) [0x00233390]
	(No symbol) [0x00232B9D]
	GetHandleVerifier [0x007B877C+3701820]
	BaseThreadInitThunk [0x765A5D49+25]
	RtlInitializeExceptionChain [0x77EAD03B+107]
	RtlGetAppContainerNamedObjectPath [0x77EACFC1+561]
)
2025-05-29 10:48:16,116  INFO      === Nairobi (NBO) | travellers: 1 ===
2025-05-29 10:48:16,117  INFO      Loading https://www.skyscanner.com/transport/flights/nbo/acc/20250706/20250709/?adults=1&currency=USD&preferdirects=false
2025-05-29 10:48:16,120  ERROR     No price for Nairobi (NBO) on 2025-07-06  (Message: invalid session id
Stacktrace:
	GetHandleVerifier [0x0043FC03+61635]
	GetHandleVerifier [0x0043FC44+61700]
	(No symbol) [0x0026044E]
	(No symbol) [0x0029BB08]
	(No symbol) [0x002CD156]
	(No symbol) [0x002C8C22]
	(No symbol) [0x002C81B6]
	(No symbol) [0x002336C5]
	(No symbol) [0x00233C1E]
	(No symbol) [0x002340AD]
	GetHandleVerifier [0x006C4523+2701795]
	GetHandleVerifier [0x006BFCA6+2683238]
	GetHandleVerifier [0x006DA9EE+2793134]
	GetHandleVerifier [0x004568C5+155013]
	GetHandleVerifier [0x0045CFAD+181357]
	(No symbol) [0x00233390]
	(No symbol) [0x00232B9D]
	GetHandleVerifier [0x007B877C+3701820]
	BaseThreadInitThunk [0x765A5D49+25]
	RtlInitializeExceptionChain [0x77EAD03B+107]
	RtlGetAppContainerNamedObjectPath [0x77EACFC1+561]
)
2025-05-29 10:48:16,122  INFO      Loading https://www.skyscanner.com/transport/flights/nbo/acc/20250707/20250709/?adults=1&currency=USD&preferdirects=false
2025-05-29 10:48:16,126  ERROR     No price for Nairobi (NBO) on 2025-07-07  (Message: invalid session id
Stacktrace:
	GetHandleVerifier [0x0043FC03+61635]
	GetHandleVerifier [0x0043FC44+61700]
	(No symbol) [0x0026044E]
	(No symbol) [0x0029BB08]
	(No symbol) [0x002CD156]
	(No symbol) [0x002C8C22]
	(No symbol) [0x002C81B6]
	(No symbol) [0x002336C5]
	(No symbol) [0x00233C1E]
	(No symbol) [0x002340AD]
	GetHandleVerifier [0x006C4523+2701795]
	GetHandleVerifier [0x006BFCA6+2683238]
	GetHandleVerifier [0x006DA9EE+2793134]
	GetHandleVerifier [0x004568C5+155013]
	GetHandleVerifier [0x0045CFAD+181357]
	(No symbol) [0x00233390]
	(No symbol) [0x00232B9D]
	GetHandleVerifier [0x007B877C+3701820]
	BaseThreadInitThunk [0x765A5D49+25]
	RtlInitializeExceptionChain [0x77EAD03B+107]
	RtlGetAppContainerNamedObjectPath [0x77EACFC1+561]
)
2025-05-29 10:48:16,128  INFO      === Yaoundé (NSI) | travellers: 1 ===
2025-05-29 10:48:16,129  INFO      Loading https://www.skyscanner.com/transport/flights/nsi/acc/20250706/20250709/?adults=1&currency=USD&preferdirects=false
2025-05-29 10:48:16,135  ERROR     No price for Yaoundé (NSI) on 2025-07-06  (Message: invalid session id
Stacktrace:
	GetHandleVerifier [0x0043FC03+61635]
	GetHandleVerifier [0x0043FC44+61700]
	(No symbol) [0x0026044E]
	(No symbol) [0x0029BB08]
	(No symbol) [0x002CD156]
	(No symbol) [0x002C8C22]
	(No symbol) [0x002C81B6]
	(No symbol) [0x002336C5]
	(No symbol) [0x00233C1E]
	(No symbol) [0x002340AD]
	GetHandleVerifier [0x006C4523+2701795]
	GetHandleVerifier [0x006BFCA6+2683238]
	GetHandleVerifier [0x006DA9EE+2793134]
	GetHandleVerifier [0x004568C5+155013]
	GetHandleVerifier [0x0045CFAD+181357]
	(No symbol) [0x00233390]
	(No symbol) [0x00232B9D]
	GetHandleVerifier [0x007B877C+3701820]
	BaseThreadInitThunk [0x765A5D49+25]
	RtlInitializeExceptionChain [0x77EAD03B+107]
	RtlGetAppContainerNamedObjectPath [0x77EACFC1+561]
)
2025-05-29 10:48:16,136  INFO      Loading https://www.skyscanner.com/transport/flights/nsi/acc/20250707/20250709/?adults=1&currency=USD&preferdirects=false
2025-05-29 10:48:16,138  ERROR     No price for Yaoundé (NSI) on 2025-07-07  (Message: invalid session id
Stacktrace:
	GetHandleVerifier [0x0043FC03+61635]
	GetHandleVerifier [0x0043FC44+61700]
	(No symbol) [0x0026044E]
	(No symbol) [0x0029BB08]
	(No symbol) [0x002CD156]
	(No symbol) [0x002C8C22]
	(No symbol) [0x002C81B6]
	(No symbol) [0x002336C5]
	(No symbol) [0x00233C1E]
	(No symbol) [0x002340AD]
	GetHandleVerifier [0x006C4523+2701795]
	GetHandleVerifier [0x006BFCA6+2683238]
	GetHandleVerifier [0x006DA9EE+2793134]
	GetHandleVerifier [0x004568C5+155013]
	GetHandleVerifier [0x0045CFAD+181357]
	(No symbol) [0x00233390]
	(No symbol) [0x00232B9D]
	GetHandleVerifier [0x007B877C+3701820]
	BaseThreadInitThunk [0x765A5D49+25]
	RtlInitializeExceptionChain [0x77EAD03B+107]
	RtlGetAppContainerNamedObjectPath [0x77EACFC1+561]
)
2025-05-29 10:48:16,140  INFO      === Rome (FCO) | travellers: 2 ===
2025-05-29 10:48:16,141  INFO      Loading https://www.skyscanner.com/transport/flights/fco/acc/20250706/20250709/?adults=2&currency=USD&preferdirects=false
2025-05-29 10:48:16,143  ERROR     No price for Rome (FCO) on 2025-07-06  (Message: invalid session id
Stacktrace:
	GetHandleVerifier [0x0043FC03+61635]
	GetHandleVerifier [0x0043FC44+61700]
	(No symbol) [0x0026044E]
	(No symbol) [0x0029BB08]
	(No symbol) [0x002CD156]
	(No symbol) [0x002C8C22]
	(No symbol) [0x002C81B6]
	(No symbol) [0x002336C5]
	(No symbol) [0x00233C1E]
	(No symbol) [0x002340AD]
	GetHandleVerifier [0x006C4523+2701795]
	GetHandleVerifier [0x006BFCA6+2683238]
	GetHandleVerifier [0x006DA9EE+2793134]
	GetHandleVerifier [0x004568C5+155013]
	GetHandleVerifier [0x0045CFAD+181357]
	(No symbol) [0x00233390]
	(No symbol) [0x00232B9D]
	GetHandleVerifier [0x007B877C+3701820]
	BaseThreadInitThunk [0x765A5D49+25]
	RtlInitializeExceptionChain [0x77EAD03B+107]
	RtlGetAppContainerNamedObjectPath [0x77EACFC1+561]
)
2025-05-29 10:48:16,144  INFO      Loading https://www.skyscanner.com/transport/flights/fco/acc/20250707/20250709/?adults=2&currency=USD&preferdirects=false
2025-05-29 10:48:16,149  ERROR     No price for Rome (FCO) on 2025-07-07  (Message: invalid session id
Stacktrace:
	GetHandleVerifier [0x0043FC03+61635]
	GetHandleVerifier [0x0043FC44+61700]
	(No symbol) [0x0026044E]
	(No symbol) [0x0029BB08]
	(No symbol) [0x002CD156]
	(No symbol) [0x002C8C22]
	(No symbol) [0x002C81B6]
	(No symbol) [0x002336C5]
	(No symbol) [0x00233C1E]
	(No symbol) [0x002340AD]
	GetHandleVerifier [0x006C4523+2701795]
	GetHandleVerifier [0x006BFCA6+2683238]
	GetHandleVerifier [0x006DA9EE+2793134]
	GetHandleVerifier [0x004568C5+155013]
	GetHandleVerifier [0x0045CFAD+181357]
	(No symbol) [0x00233390]
	(No symbol) [0x00232B9D]
	GetHandleVerifier [0x007B877C+3701820]
	BaseThreadInitThunk [0x765A5D49+25]
	RtlInitializeExceptionChain [0x77EAD03B+107]
	RtlGetAppContainerNamedObjectPath [0x77EACFC1+561]
)
2025-05-29 10:48:16,151  INFO      === Antananarivo (TNR) | travellers: 1 ===
2025-05-29 10:48:16,152  INFO      Loading https://www.skyscanner.com/transport/flights/tnr/acc/20250706/20250709/?adults=1&currency=USD&preferdirects=false
2025-05-29 10:48:16,154  ERROR     No price for Antananarivo (TNR) on 2025-07-06  (Message: invalid session id
Stacktrace:
	GetHandleVerifier [0x0043FC03+61635]
	GetHandleVerifier [0x0043FC44+61700]
	(No symbol) [0x0026044E]
	(No symbol) [0x0029BB08]
	(No symbol) [0x002CD156]
	(No symbol) [0x002C8C22]
	(No symbol) [0x002C81B6]
	(No symbol) [0x002336C5]
	(No symbol) [0x00233C1E]
	(No symbol) [0x002340AD]
	GetHandleVerifier [0x006C4523+2701795]
	GetHandleVerifier [0x006BFCA6+2683238]
	GetHandleVerifier [0x006DA9EE+2793134]
	GetHandleVerifier [0x004568C5+155013]
	GetHandleVerifier [0x0045CFAD+181357]
	(No symbol) [0x00233390]
	(No symbol) [0x00232B9D]
	GetHandleVerifier [0x007B877C+3701820]
	BaseThreadInitThunk [0x765A5D49+25]
	RtlInitializeExceptionChain [0x77EAD03B+107]
	RtlGetAppContainerNamedObjectPath [0x77EACFC1+561]
)
2025-05-29 10:48:16,154  INFO      Loading https://www.skyscanner.com/transport/flights/tnr/acc/20250707/20250709/?adults=1&currency=USD&preferdirects=false
2025-05-29 10:48:16,157  ERROR     No price for Antananarivo (TNR) on 2025-07-07  (Message: invalid session id
Stacktrace:
	GetHandleVerifier [0x0043FC03+61635]
	GetHandleVerifier [0x0043FC44+61700]
	(No symbol) [0x0026044E]
	(No symbol) [0x0029BB08]
	(No symbol) [0x002CD156]
	(No symbol) [0x002C8C22]
	(No symbol) [0x002C81B6]
	(No symbol) [0x002336C5]
	(No symbol) [0x00233C1E]
	(No symbol) [0x002340AD]
	GetHandleVerifier [0x006C4523+2701795]
	GetHandleVerifier [0x006BFCA6+2683238]
	GetHandleVerifier [0x006DA9EE+2793134]
	GetHandleVerifier [0x004568C5+155013]
	GetHandleVerifier [0x0045CFAD+181357]
	(No symbol) [0x00233390]
	(No symbol) [0x00232B9D]
	GetHandleVerifier [0x007B877C+3701820]
	BaseThreadInitThunk [0x765A5D49+25]
	RtlInitializeExceptionChain [0x77EAD03B+107]
	RtlGetAppContainerNamedObjectPath [0x77EACFC1+561]
)
2025-05-29 10:48:16,159  INFO      === Toronto (YYZ) | travellers: 1 ===
2025-05-29 10:48:16,160  INFO      Loading https://www.skyscanner.com/transport/flights/yyz/acc/20250706/20250709/?adults=1&currency=USD&preferdirects=false
2025-05-29 10:48:16,168  ERROR     No price for Toronto (YYZ) on 2025-07-06  (Message: invalid session id
Stacktrace:
	GetHandleVerifier [0x0043FC03+61635]
	GetHandleVerifier [0x0043FC44+61700]
	(No symbol) [0x0026044E]
	(No symbol) [0x0029BB08]
	(No symbol) [0x002CD156]
	(No symbol) [0x002C8C22]
	(No symbol) [0x002C81B6]
	(No symbol) [0x002336C5]
	(No symbol) [0x00233C1E]
	(No symbol) [0x002340AD]
	GetHandleVerifier [0x006C4523+2701795]
	GetHandleVerifier [0x006BFCA6+2683238]
	GetHandleVerifier [0x006DA9EE+2793134]
	GetHandleVerifier [0x004568C5+155013]
	GetHandleVerifier [0x0045CFAD+181357]
	(No symbol) [0x00233390]
	(No symbol) [0x00232B9D]
	GetHandleVerifier [0x007B877C+3701820]
	BaseThreadInitThunk [0x765A5D49+25]
	RtlInitializeExceptionChain [0x77EAD03B+107]
	RtlGetAppContainerNamedObjectPath [0x77EACFC1+561]
)
2025-05-29 10:48:16,169  INFO      Loading https://www.skyscanner.com/transport/flights/yyz/acc/20250707/20250709/?adults=1&currency=USD&preferdirects=false
2025-05-29 10:48:16,172  ERROR     No price for Toronto (YYZ) on 2025-07-07  (Message: invalid session id
Stacktrace:
	GetHandleVerifier [0x0043FC03+61635]
	GetHandleVerifier [0x0043FC44+61700]
	(No symbol) [0x0026044E]
	(No symbol) [0x0029BB08]
	(No symbol) [0x002CD156]
	(No symbol) [0x002C8C22]
	(No symbol) [0x002C81B6]
	(No symbol) [0x002336C5]
	(No symbol) [0x00233C1E]
	(No symbol) [0x002340AD]
	GetHandleVerifier [0x006C4523+2701795]
	GetHandleVerifier [0x006BFCA6+2683238]
	GetHandleVerifier [0x006DA9EE+2793134]
	GetHandleVerifier [0x004568C5+155013]
	GetHandleVerifier [0x0045CFAD+181357]
	(No symbol) [0x00233390]
	(No symbol) [0x00232B9D]
	GetHandleVerifier [0x007B877C+3701820]
	BaseThreadInitThunk [0x765A5D49+25]
	RtlInitializeExceptionChain [0x77EAD03B+107]
	RtlGetAppContainerNamedObjectPath [0x77EACFC1+561]
)
2025-05-29 10:48:16,174  INFO      === Tunis (TUN) | travellers: 1 ===
2025-05-29 10:48:16,174  INFO      Loading https://www.skyscanner.com/transport/flights/tun/acc/20250706/20250709/?adults=1&currency=USD&preferdirects=false
2025-05-29 10:48:16,178  ERROR     No price for Tunis (TUN) on 2025-07-06  (Message: invalid session id
Stacktrace:
	GetHandleVerifier [0x0043FC03+61635]
	GetHandleVerifier [0x0043FC44+61700]
	(No symbol) [0x0026044E]
	(No symbol) [0x0029BB08]
	(No symbol) [0x002CD156]
	(No symbol) [0x002C8C22]
	(No symbol) [0x002C81B6]
	(No symbol) [0x002336C5]
	(No symbol) [0x00233C1E]
	(No symbol) [0x002340AD]
	GetHandleVerifier [0x006C4523+2701795]
	GetHandleVerifier [0x006BFCA6+2683238]
	GetHandleVerifier [0x006DA9EE+2793134]
	GetHandleVerifier [0x004568C5+155013]
	GetHandleVerifier [0x0045CFAD+181357]
	(No symbol) [0x00233390]
	(No symbol) [0x00232B9D]
	GetHandleVerifier [0x007B877C+3701820]
	BaseThreadInitThunk [0x765A5D49+25]
	RtlInitializeExceptionChain [0x77EAD03B+107]
	RtlGetAppContainerNamedObjectPath [0x77EACFC1+561]
)
2025-05-29 10:48:16,179  INFO      Loading https://www.skyscanner.com/transport/flights/tun/acc/20250707/20250709/?adults=1&currency=USD&preferdirects=false
2025-05-29 10:48:16,184  ERROR     No price for Tunis (TUN) on 2025-07-07  (Message: invalid session id
Stacktrace:
	GetHandleVerifier [0x0043FC03+61635]
	GetHandleVerifier [0x0043FC44+61700]
	(No symbol) [0x0026044E]
	(No symbol) [0x0029BB08]
	(No symbol) [0x002CD156]
	(No symbol) [0x002C8C22]
	(No symbol) [0x002C81B6]
	(No symbol) [0x002336C5]
	(No symbol) [0x00233C1E]
	(No symbol) [0x002340AD]
	GetHandleVerifier [0x006C4523+2701795]
	GetHandleVerifier [0x006BFCA6+2683238]
	GetHandleVerifier [0x006DA9EE+2793134]
	GetHandleVerifier [0x004568C5+155013]
	GetHandleVerifier [0x0045CFAD+181357]
	(No symbol) [0x00233390]
	(No symbol) [0x00232B9D]
	GetHandleVerifier [0x007B877C+3701820]
	BaseThreadInitThunk [0x765A5D49+25]
	RtlInitializeExceptionChain [0x77EAD03B+107]
	RtlGetAppContainerNamedObjectPath [0x77EACFC1+561]
)
2025-05-29 10:48:16,186  INFO      === Madrid (MAD) | travellers: 1 ===
2025-05-29 10:48:16,187  INFO      Loading https://www.skyscanner.com/transport/flights/mad/acc/20250706/20250709/?adults=1&currency=USD&preferdirects=false
2025-05-29 10:48:16,191  ERROR     No price for Madrid (MAD) on 2025-07-06  (Message: invalid session id
Stacktrace:
	GetHandleVerifier [0x0043FC03+61635]
	GetHandleVerifier [0x0043FC44+61700]
	(No symbol) [0x0026044E]
	(No symbol) [0x0029BB08]
	(No symbol) [0x002CD156]
	(No symbol) [0x002C8C22]
	(No symbol) [0x002C81B6]
	(No symbol) [0x002336C5]
	(No symbol) [0x00233C1E]
	(No symbol) [0x002340AD]
	GetHandleVerifier [0x006C4523+2701795]
	GetHandleVerifier [0x006BFCA6+2683238]
	GetHandleVerifier [0x006DA9EE+2793134]
	GetHandleVerifier [0x004568C5+155013]
	GetHandleVerifier [0x0045CFAD+181357]
	(No symbol) [0x00233390]
	(No symbol) [0x00232B9D]
	GetHandleVerifier [0x007B877C+3701820]
	BaseThreadInitThunk [0x765A5D49+25]
	RtlInitializeExceptionChain [0x77EAD03B+107]
	RtlGetAppContainerNamedObjectPath [0x77EACFC1+561]
)
2025-05-29 10:48:16,192  INFO      Loading https://www.skyscanner.com/transport/flights/mad/acc/20250707/20250709/?adults=1&currency=USD&preferdirects=false
2025-05-29 10:48:16,201  ERROR     No price for Madrid (MAD) on 2025-07-07  (Message: invalid session id
Stacktrace:
	GetHandleVerifier [0x0043FC03+61635]
	GetHandleVerifier [0x0043FC44+61700]
	(No symbol) [0x0026044E]
	(No symbol) [0x0029BB08]
	(No symbol) [0x002CD156]
	(No symbol) [0x002C8C22]
	(No symbol) [0x002C81B6]
	(No symbol) [0x002336C5]
	(No symbol) [0x00233C1E]
	(No symbol) [0x002340AD]
	GetHandleVerifier [0x006C4523+2701795]
	GetHandleVerifier [0x006BFCA6+2683238]
	GetHandleVerifier [0x006DA9EE+2793134]
	GetHandleVerifier [0x004568C5+155013]
	GetHandleVerifier [0x0045CFAD+181357]
	(No symbol) [0x00233390]
	(No symbol) [0x00232B9D]
	GetHandleVerifier [0x007B877C+3701820]
	BaseThreadInitThunk [0x765A5D49+25]
	RtlInitializeExceptionChain [0x77EAD03B+107]
	RtlGetAppContainerNamedObjectPath [0x77EACFC1+561]
)
2025-05-29 10:48:16,204  INFO      === Paris (CDG) | travellers: 1 ===
2025-05-29 10:48:16,205  INFO      Loading https://www.skyscanner.com/transport/flights/cdg/acc/20250706/20250709/?adults=1&currency=USD&preferdirects=false
2025-05-29 10:48:16,208  ERROR     No price for Paris (CDG) on 2025-07-06  (Message: invalid session id
Stacktrace:
	GetHandleVerifier [0x0043FC03+61635]
	GetHandleVerifier [0x0043FC44+61700]
	(No symbol) [0x0026044E]
	(No symbol) [0x0029BB08]
	(No symbol) [0x002CD156]
	(No symbol) [0x002C8C22]
	(No symbol) [0x002C81B6]
	(No symbol) [0x002336C5]
	(No symbol) [0x00233C1E]
	(No symbol) [0x002340AD]
	GetHandleVerifier [0x006C4523+2701795]
	GetHandleVerifier [0x006BFCA6+2683238]
	GetHandleVerifier [0x006DA9EE+2793134]
	GetHandleVerifier [0x004568C5+155013]
	GetHandleVerifier [0x0045CFAD+181357]
	(No symbol) [0x00233390]
	(No symbol) [0x00232B9D]
	GetHandleVerifier [0x007B877C+3701820]
	BaseThreadInitThunk [0x765A5D49+25]
	RtlInitializeExceptionChain [0x77EAD03B+107]
	RtlGetAppContainerNamedObjectPath [0x77EACFC1+561]
)
2025-05-29 10:48:16,209  INFO      Loading https://www.skyscanner.com/transport/flights/cdg/acc/20250707/20250709/?adults=1&currency=USD&preferdirects=false
2025-05-29 10:48:16,214  ERROR     No price for Paris (CDG) on 2025-07-07  (Message: invalid session id
Stacktrace:
	GetHandleVerifier [0x0043FC03+61635]
	GetHandleVerifier [0x0043FC44+61700]
	(No symbol) [0x0026044E]
	(No symbol) [0x0029BB08]
	(No symbol) [0x002CD156]
	(No symbol) [0x002C8C22]
	(No symbol) [0x002C81B6]
	(No symbol) [0x002336C5]
	(No symbol) [0x00233C1E]
	(No symbol) [0x002340AD]
	GetHandleVerifier [0x006C4523+2701795]
	GetHandleVerifier [0x006BFCA6+2683238]
	GetHandleVerifier [0x006DA9EE+2793134]
	GetHandleVerifier [0x004568C5+155013]
	GetHandleVerifier [0x0045CFAD+181357]
	(No symbol) [0x00233390]
	(No symbol) [0x00232B9D]
	GetHandleVerifier [0x007B877C+3701820]
	BaseThreadInitThunk [0x765A5D49+25]
	RtlInitializeExceptionChain [0x77EAD03B+107]
	RtlGetAppContainerNamedObjectPath [0x77EACFC1+561]
)
2025-05-29 10:48:16,218  INFO      === New York (JFK) | travellers: 1 ===
2025-05-29 10:48:16,218  INFO      Loading https://www.skyscanner.com/transport/flights/jfk/acc/20250706/20250709/?adults=1&currency=USD&preferdirects=false
2025-05-29 10:48:16,221  ERROR     No price for New York (JFK) on 2025-07-06  (Message: invalid session id
Stacktrace:
	GetHandleVerifier [0x0043FC03+61635]
	GetHandleVerifier [0x0043FC44+61700]
	(No symbol) [0x0026044E]
	(No symbol) [0x0029BB08]
	(No symbol) [0x002CD156]
	(No symbol) [0x002C8C22]
	(No symbol) [0x002C81B6]
	(No symbol) [0x002336C5]
	(No symbol) [0x00233C1E]
	(No symbol) [0x002340AD]
	GetHandleVerifier [0x006C4523+2701795]
	GetHandleVerifier [0x006BFCA6+2683238]
	GetHandleVerifier [0x006DA9EE+2793134]
	GetHandleVerifier [0x004568C5+155013]
	GetHandleVerifier [0x0045CFAD+181357]
	(No symbol) [0x00233390]
	(No symbol) [0x00232B9D]
	GetHandleVerifier [0x007B877C+3701820]
	BaseThreadInitThunk [0x765A5D49+25]
	RtlInitializeExceptionChain [0x77EAD03B+107]
	RtlGetAppContainerNamedObjectPath [0x77EACFC1+561]
)
2025-05-29 10:48:16,222  INFO      Loading https://www.skyscanner.com/transport/flights/jfk/acc/20250707/20250709/?adults=1&currency=USD&preferdirects=false
2025-05-29 10:48:16,224  ERROR     No price for New York (JFK) on 2025-07-07  (Message: invalid session id
Stacktrace:
	GetHandleVerifier [0x0043FC03+61635]
	GetHandleVerifier [0x0043FC44+61700]
	(No symbol) [0x0026044E]
	(No symbol) [0x0029BB08]
	(No symbol) [0x002CD156]
	(No symbol) [0x002C8C22]
	(No symbol) [0x002C81B6]
	(No symbol) [0x002336C5]
	(No symbol) [0x00233C1E]
	(No symbol) [0x002340AD]
	GetHandleVerifier [0x006C4523+2701795]
	GetHandleVerifier [0x006BFCA6+2683238]
	GetHandleVerifier [0x006DA9EE+2793134]
	GetHandleVerifier [0x004568C5+155013]
	GetHandleVerifier [0x0045CFAD+181357]
	(No symbol) [0x00233390]
	(No symbol) [0x00232B9D]
	GetHandleVerifier [0x007B877C+3701820]
	BaseThreadInitThunk [0x765A5D49+25]
	RtlInitializeExceptionChain [0x77EAD03B+107]
	RtlGetAppContainerNamedObjectPath [0x77EACFC1+561]
)
2025-05-29 10:48:19,220  INFO      Browser closed
2025-05-29 10:48:19,220  ERROR     No data fetched – aborting workbook write
